<?xml version="1.0" encoding="UTF-8"?>
<!-- Generated by org.testng.reporters.JUnitReportReporter -->
<testsuite skipped="0" hostname="DESKTOP-TA131BK" name="End2EndFrameWork.ValidateNavigationBar" tests="2" failures="0" timestamp="20 Oct 2020 09:48:26 GMT" time="3.382" errors="0">
  <testcase name="launchbrowserfrombase" time="3.113" classname="End2EndFrameWork.ValidateNavigationBar"/>
  <testcase name="verfyingTexts" time="0.269" classname="End2EndFrameWork.ValidateNavigationBar"/>
</testsuite> <!-- End2EndFrameWork.ValidateNavigationBar -->
