<?xml version="1.0" encoding="UTF-8"?>
<!-- Generated by org.testng.reporters.JUnitReportReporter -->
<testsuite skipped="0" hostname="DESKTOP-TA131BK" name="End2EndFrameWork.VerifiyingForgotPassword" tests="1" failures="0" timestamp="20 Oct 2020 09:48:26 GMT" time="9.903" errors="0">
  <testcase name="doForgotPassword" time="9.903" classname="End2EndFrameWork.VerifiyingForgotPassword"/>
</testsuite> <!-- End2EndFrameWork.VerifiyingForgotPassword -->
