<?xml version="1.0" encoding="UTF-8"?>
<!-- Generated by org.testng.reporters.JUnitReportReporter -->
<testsuite skipped="0" hostname="DESKTOP-TA131BK" name="End2EndFrameWork.LaunchingBrowser" tests="3" failures="0" timestamp="20 Oct 2020 09:48:26 GMT" time="75.492" errors="0">
  <testcase name="launchbrowserfrombase" time="8.039" classname="End2EndFrameWork.LaunchingBrowser"/>
  <testcase name="launchbrowserfrombase" time="6.707" classname="End2EndFrameWork.LaunchingBrowser"/>
  <testcase name="launchbrowserfrombase" time="60.746" classname="End2EndFrameWork.LaunchingBrowser"/>
</testsuite> <!-- End2EndFrameWork.LaunchingBrowser -->
