<?xml version="1.0" encoding="UTF-8"?>
<!-- Generated by org.testng.reporters.JUnitReportReporter -->
<testsuite skipped="0" hostname="DESKTOP-TA131BK" name="End2EndFrameWork.ValidateNavigationBar" tests="2" failures="0" timestamp="27 Oct 2020 15:29:38 GMT" time="3.453" errors="0">
  <testcase name="verfyingTexts" time="0.088" classname="End2EndFrameWork.ValidateNavigationBar"/>
  <testcase name="launchbrowserfrombase" time="3.365" classname="End2EndFrameWork.ValidateNavigationBar"/>
</testsuite> <!-- End2EndFrameWork.ValidateNavigationBar -->
