<?xml version="1.0" encoding="UTF-8"?>
<!-- Generated by org.testng.reporters.JUnitReportReporter -->
<testsuite skipped="0" hostname="DESKTOP-TA131BK" name="cucumberoptions.TestRunner" tests="1" failures="0" timestamp="27 Oct 2020 16:55:12 GMT" time="99.511" errors="0">
  <testcase name="feature" time="99.511" classname="cucumberoptions.TestRunner"/>
</testsuite> <!-- cucumberoptions.TestRunner -->
